\BOOKMARK [1][-]{section.1}{\376\377\000p\000r\000e\000s\000e\000n\000t}{}% 1
\BOOKMARK [2][-]{subsection.1.1}{\376\377\145\366\225\364}{section.1}% 2
\BOOKMARK [2][-]{subsection.1.2}{\376\377\230\230\166\356}{section.1}% 3
\BOOKMARK [2][-]{subsection.1.3}{\376\377\173\227\154\325}{section.1}% 4
\BOOKMARK [2][-]{subsection.1.4}{\376\377\176\306\202\202}{section.1}% 5
\BOOKMARK [2][-]{subsection.1.5}{\376\377\121\372\131\004}{section.1}% 6
\BOOKMARK [1][-]{section.2}{\376\377\000T\000h\000e\000\040\000U\000n\000t\000e\000n\000d\000e\000d\000\040\000A\000n\000t\000i\000q\000u\000i\000t\000y}{}% 7
\BOOKMARK [2][-]{subsection.2.1}{\376\377\145\366\225\364}{section.2}% 8
\BOOKMARK [2][-]{subsection.2.2}{\376\377\230\230\166\356}{section.2}% 9
\BOOKMARK [2][-]{subsection.2.3}{\376\377\173\227\154\325}{section.2}% 10
\BOOKMARK [2][-]{subsection.2.4}{\376\377\176\306\202\202}{section.2}% 11
\BOOKMARK [2][-]{subsection.2.5}{\376\377\121\372\131\004}{section.2}% 12
\BOOKMARK [1][-]{section.3}{\376\377\000H\000u\000g\000e\000\040\000S\000t\000r\000i\000n\000g\000s}{}% 13
\BOOKMARK [2][-]{subsection.3.1}{\376\377\145\366\225\364}{section.3}% 14
\BOOKMARK [2][-]{subsection.3.2}{\376\377\230\230\166\356}{section.3}% 15
\BOOKMARK [2][-]{subsection.3.3}{\376\377\173\227\154\325}{section.3}% 16
\BOOKMARK [2][-]{subsection.3.4}{\376\377\176\306\202\202}{section.3}% 17
\BOOKMARK [2][-]{subsection.3.5}{\376\377\121\372\131\004}{section.3}% 18
\BOOKMARK [1][-]{section.4}{\376\377\000s\000t\000a\000r\000w\000a\000y}{}% 19
\BOOKMARK [2][-]{subsection.4.1}{\376\377\145\366\225\364}{section.4}% 20
\BOOKMARK [2][-]{subsection.4.2}{\376\377\230\230\166\356}{section.4}% 21
\BOOKMARK [2][-]{subsection.4.3}{\376\377\173\227\154\325}{section.4}% 22
\BOOKMARK [2][-]{subsection.4.4}{\376\377\176\306\202\202}{section.4}% 23
\BOOKMARK [2][-]{subsection.4.5}{\376\377\121\372\131\004}{section.4}% 24
\BOOKMARK [1][-]{section.5}{\376\377\000l\000o\000s\000t}{}% 25
\BOOKMARK [2][-]{subsection.5.1}{\376\377\145\366\225\364}{section.5}% 26
\BOOKMARK [2][-]{subsection.5.2}{\376\377\230\230\166\356}{section.5}% 27
\BOOKMARK [2][-]{subsection.5.3}{\376\377\173\227\154\325}{section.5}% 28
\BOOKMARK [2][-]{subsection.5.4}{\376\377\176\306\202\202}{section.5}% 29
\BOOKMARK [3][-]{subsubsection.5.4.1}{\376\377\127\372\147\054\121\370\123\005\166\204\116\313\176\315}{subsection.5.4}% 30
\BOOKMARK [3][-]{subsubsection.5.4.2}{\376\377\123\357\143\001\116\105\123\026\150\010}{subsection.5.4}% 31
\BOOKMARK [2][-]{subsection.5.5}{\376\377\121\372\131\004}{section.5}% 32
\BOOKMARK [1][-]{section.6}{\376\377\000P\000o\000i\000n\000t\000s\000,\000\040\000L\000i\000n\000e\000s\000\040\000a\000n\000d\000\040\000R\000e\000a\000d\000y\000-\000m\000a\000d\000e\000\040\000T\000i\000t\000l\000e\000s}{}% 33
\BOOKMARK [2][-]{subsection.6.1}{\376\377\145\366\225\364}{section.6}% 34
\BOOKMARK [2][-]{subsection.6.2}{\376\377\230\230\166\356}{section.6}% 35
\BOOKMARK [2][-]{subsection.6.3}{\376\377\173\227\154\325}{section.6}% 36
\BOOKMARK [2][-]{subsection.6.4}{\376\377\176\306\202\202}{section.6}% 37
\BOOKMARK [2][-]{subsection.6.5}{\376\377\121\372\131\004}{section.6}% 38
\BOOKMARK [1][-]{section.7}{\376\377\230\230\166\356\124\015\171\360}{}% 39
\BOOKMARK [2][-]{subsection.7.1}{\376\377\145\366\225\364}{section.7}% 40
\BOOKMARK [2][-]{subsection.7.2}{\376\377\230\230\166\356}{section.7}% 41
\BOOKMARK [2][-]{subsection.7.3}{\376\377\173\227\154\325}{section.7}% 42
\BOOKMARK [2][-]{subsection.7.4}{\376\377\176\306\202\202}{section.7}% 43
\BOOKMARK [2][-]{subsection.7.5}{\376\377\121\372\131\004}{section.7}% 44
\BOOKMARK [1][-]{section.8}{\376\377\000s\000e\000g\000m\000e\000n\000t}{}% 45
\BOOKMARK [2][-]{subsection.8.1}{\376\377\145\366\225\364}{section.8}% 46
\BOOKMARK [2][-]{subsection.8.2}{\376\377\230\230\166\356}{section.8}% 47
\BOOKMARK [2][-]{subsection.8.3}{\376\377\173\227\154\325}{section.8}% 48
\BOOKMARK [2][-]{subsection.8.4}{\376\377\176\306\202\202}{section.8}% 49
\BOOKMARK [2][-]{subsection.8.5}{\376\377\121\372\131\004}{section.8}% 50
\BOOKMARK [1][-]{section.9}{\376\377\000D\000e\000l\000i\000v\000e\000r\000y\000\040\000C\000l\000u\000b}{}% 51
\BOOKMARK [2][-]{subsection.9.1}{\376\377\145\366\225\364}{section.9}% 52
\BOOKMARK [2][-]{subsection.9.2}{\376\377\230\230\166\356}{section.9}% 53
\BOOKMARK [2][-]{subsection.9.3}{\376\377\173\227\154\325}{section.9}% 54
\BOOKMARK [2][-]{subsection.9.4}{\376\377\176\306\202\202}{section.9}% 55
\BOOKMARK [2][-]{subsection.9.5}{\376\377\121\372\131\004}{section.9}% 56
\BOOKMARK [1][-]{section.10}{\376\377\000R\000o\000y\000a\000l\000\040\000Q\000u\000e\000s\000t\000i\000o\000n\000s}{}% 57
\BOOKMARK [2][-]{subsection.10.1}{\376\377\145\366\225\364}{section.10}% 58
\BOOKMARK [2][-]{subsection.10.2}{\376\377\230\230\166\356}{section.10}% 59
\BOOKMARK [2][-]{subsection.10.3}{\376\377\173\227\154\325}{section.10}% 60
\BOOKMARK [2][-]{subsection.10.4}{\376\377\176\306\202\202}{section.10}% 61
\BOOKMARK [2][-]{subsection.10.5}{\376\377\121\372\131\004}{section.10}% 62
\BOOKMARK [1][-]{section.11}{\376\377\000F\000i\000r\000e}{}% 63
\BOOKMARK [2][-]{subsection.11.1}{\376\377\145\366\225\364}{section.11}% 64
\BOOKMARK [2][-]{subsection.11.2}{\376\377\230\230\166\356}{section.11}% 65
\BOOKMARK [2][-]{subsection.11.3}{\376\377\173\227\154\325}{section.11}% 66
\BOOKMARK [2][-]{subsection.11.4}{\376\377\176\306\202\202}{section.11}% 67
\BOOKMARK [2][-]{subsection.11.5}{\376\377\121\372\131\004}{section.11}% 68
\BOOKMARK [1][-]{section.12}{\376\377\000B\000u\000y\000\040\000L\000o\000w\000\040\000S\000e\000l\000l\000\040\000H\000i\000g\000h}{}% 69
\BOOKMARK [2][-]{subsection.12.1}{\376\377\145\366\225\364}{section.12}% 70
\BOOKMARK [2][-]{subsection.12.2}{\376\377\230\230\166\356}{section.12}% 71
\BOOKMARK [2][-]{subsection.12.3}{\376\377\173\227\154\325}{section.12}% 72
\BOOKMARK [2][-]{subsection.12.4}{\376\377\176\306\202\202}{section.12}% 73
\BOOKMARK [2][-]{subsection.12.5}{\376\377\121\372\131\004}{section.12}% 74
\BOOKMARK [1][-]{section.13}{\376\377\123\366\122\031\147\150\166\204\230\230}{}% 75
\BOOKMARK [2][-]{subsection.13.1}{\376\377\145\366\225\364}{section.13}% 76
\BOOKMARK [2][-]{subsection.13.2}{\376\377\230\230\166\356}{section.13}% 77
\BOOKMARK [2][-]{subsection.13.3}{\376\377\173\227\154\325}{section.13}% 78
\BOOKMARK [2][-]{subsection.13.4}{\376\377\176\306\202\202}{section.13}% 79
\BOOKMARK [2][-]{subsection.13.5}{\376\377\121\372\131\004}{section.13}% 80
\BOOKMARK [1][-]{section.14}{\376\377\200\341\145\355\147\227\166\204\230\230}{}% 81
\BOOKMARK [2][-]{subsection.14.1}{\376\377\145\366\225\364}{section.14}% 82
\BOOKMARK [2][-]{subsection.14.2}{\376\377\230\230\166\356}{section.14}% 83
\BOOKMARK [2][-]{subsection.14.3}{\376\377\173\227\154\325}{section.14}% 84
\BOOKMARK [2][-]{subsection.14.4}{\376\377\176\306\202\202}{section.14}% 85
\BOOKMARK [2][-]{subsection.14.5}{\376\377\121\372\131\004}{section.14}% 86
\BOOKMARK [1][-]{section.15}{\376\377\137\155\122\233\166\204\230\230}{}% 87
\BOOKMARK [2][-]{subsection.15.1}{\376\377\145\366\225\364}{section.15}% 88
\BOOKMARK [2][-]{subsection.15.2}{\376\377\230\230\166\356}{section.15}% 89
\BOOKMARK [2][-]{subsection.15.3}{\376\377\173\227\154\325}{section.15}% 90
\BOOKMARK [2][-]{subsection.15.4}{\376\377\176\306\202\202}{section.15}% 91
\BOOKMARK [2][-]{subsection.15.5}{\376\377\121\372\131\004}{section.15}% 92
\BOOKMARK [1][-]{section.16}{\376\377\147\150\146\334\126\011\166\204\230\230}{}% 93
\BOOKMARK [2][-]{subsection.16.1}{\376\377\145\366\225\364}{section.16}% 94
\BOOKMARK [2][-]{subsection.16.2}{\376\377\230\230\166\356}{section.16}% 95
\BOOKMARK [2][-]{subsection.16.3}{\376\377\173\227\154\325}{section.16}% 96
\BOOKMARK [2][-]{subsection.16.4}{\376\377\176\306\202\202}{section.16}% 97
\BOOKMARK [2][-]{subsection.16.5}{\376\377\121\372\131\004}{section.16}% 98
\BOOKMARK [1][-]{section.17}{\376\377\137\155\215\073\214\152\166\204\230\230}{}% 99
\BOOKMARK [2][-]{subsection.17.1}{\376\377\145\366\225\364}{section.17}% 100
\BOOKMARK [2][-]{subsection.17.2}{\376\377\230\230\166\356}{section.17}% 101
\BOOKMARK [2][-]{subsection.17.3}{\376\377\173\227\154\325}{section.17}% 102
\BOOKMARK [2][-]{subsection.17.4}{\376\377\176\306\202\202}{section.17}% 103
\BOOKMARK [2][-]{subsection.17.5}{\376\377\121\372\131\004}{section.17}% 104
\BOOKMARK [1][-]{section.18}{\376\377\137\155\215\073\214\152\166\204\230\230}{}% 105
\BOOKMARK [2][-]{subsection.18.1}{\376\377\145\366\225\364}{section.18}% 106
\BOOKMARK [2][-]{subsection.18.2}{\376\377\230\230\166\356}{section.18}% 107
\BOOKMARK [2][-]{subsection.18.3}{\376\377\173\227\154\325}{section.18}% 108
\BOOKMARK [2][-]{subsection.18.4}{\376\377\176\306\202\202}{section.18}% 109
\BOOKMARK [2][-]{subsection.18.5}{\376\377\121\372\131\004}{section.18}% 110
\BOOKMARK [1][-]{section.19}{\376\377\000p\000e\000r\000m\000u\000t\000a\000t\000i\000o\000n}{}% 111
\BOOKMARK [2][-]{subsection.19.1}{\376\377\145\366\225\364}{section.19}% 112
\BOOKMARK [2][-]{subsection.19.2}{\376\377\230\230\166\356}{section.19}% 113
\BOOKMARK [2][-]{subsection.19.3}{\376\377\173\227\154\325}{section.19}% 114
\BOOKMARK [2][-]{subsection.19.4}{\376\377\176\306\202\202}{section.19}% 115
\BOOKMARK [2][-]{subsection.19.5}{\376\377\121\372\131\004}{section.19}% 116
\BOOKMARK [1][-]{section.20}{\376\377\000t\000r\000e\000e}{}% 117
\BOOKMARK [2][-]{subsection.20.1}{\376\377\145\366\225\364}{section.20}% 118
\BOOKMARK [2][-]{subsection.20.2}{\376\377\230\230\166\356}{section.20}% 119
\BOOKMARK [2][-]{subsection.20.3}{\376\377\173\227\154\325}{section.20}% 120
\BOOKMARK [2][-]{subsection.20.4}{\376\377\176\306\202\202}{section.20}% 121
\BOOKMARK [2][-]{subsection.20.5}{\376\377\121\372\131\004}{section.20}% 122
\BOOKMARK [1][-]{section.21}{\376\377\000p\000e\000r\000m\000u\000t\000a\000t\000i\000o\000n}{}% 123
\BOOKMARK [2][-]{subsection.21.1}{\376\377\145\366\225\364}{section.21}% 124
\BOOKMARK [2][-]{subsection.21.2}{\376\377\230\230\166\356}{section.21}% 125
\BOOKMARK [2][-]{subsection.21.3}{\376\377\173\227\154\325}{section.21}% 126
\BOOKMARK [3][-]{subsubsection.21.3.1}{\376\377\173\227\154\325\0001}{subsection.21.3}% 127
\BOOKMARK [3][-]{subsubsection.21.3.2}{\376\377\173\227\154\325\0002}{subsection.21.3}% 128
\BOOKMARK [2][-]{subsection.21.4}{\376\377\176\306\202\202}{section.21}% 129
\BOOKMARK [3][-]{subsubsection.21.4.1}{\376\377\176\306\202\202\0001}{subsection.21.4}% 130
\BOOKMARK [3][-]{subsubsection.21.4.2}{\376\377\176\306\202\202\0002}{subsection.21.4}% 131
\BOOKMARK [2][-]{subsection.21.5}{\376\377\121\372\131\004}{section.21}% 132
\BOOKMARK [1][-]{section.22}{\376\377\000s\000e\000g\000m\000e\000n\000t}{}% 133
\BOOKMARK [2][-]{subsection.22.1}{\376\377\145\366\225\364}{section.22}% 134
\BOOKMARK [2][-]{subsection.22.2}{\376\377\230\230\166\356}{section.22}% 135
\BOOKMARK [2][-]{subsection.22.3}{\376\377\173\227\154\325}{section.22}% 136
\BOOKMARK [3][-]{subsubsection.22.3.1}{\376\377\173\227\154\325\0001}{subsection.22.3}% 137
\BOOKMARK [3][-]{subsubsection.22.3.2}{\376\377\173\227\154\325\0002}{subsection.22.3}% 138
\BOOKMARK [2][-]{subsection.22.4}{\376\377\176\306\202\202}{section.22}% 139
\BOOKMARK [3][-]{subsubsection.22.4.1}{\376\377\176\306\202\202\0001}{subsection.22.4}% 140
\BOOKMARK [3][-]{subsubsection.22.4.2}{\376\377\176\306\202\202\0002}{subsection.22.4}% 141
\BOOKMARK [2][-]{subsection.22.5}{\376\377\121\372\131\004}{section.22}% 142
\BOOKMARK [1][-]{section.23}{\376\377\000g\000a\000m\000e}{}% 143
\BOOKMARK [2][-]{subsection.23.1}{\376\377\145\366\225\364}{section.23}% 144
\BOOKMARK [2][-]{subsection.23.2}{\376\377\230\230\166\356}{section.23}% 145
\BOOKMARK [2][-]{subsection.23.3}{\376\377\173\227\154\325}{section.23}% 146
\BOOKMARK [2][-]{subsection.23.4}{\376\377\176\306\202\202}{section.23}% 147
\BOOKMARK [2][-]{subsection.23.5}{\376\377\121\372\131\004}{section.23}% 148
\BOOKMARK [1][-]{section.24}{\376\377\000t\000o\000y\000u\000q}{}% 149
\BOOKMARK [2][-]{subsection.24.1}{\376\377\145\366\225\364}{section.24}% 150
\BOOKMARK [2][-]{subsection.24.2}{\376\377\230\230\166\356}{section.24}% 151
\BOOKMARK [2][-]{subsection.24.3}{\376\377\173\227\154\325}{section.24}% 152
\BOOKMARK [2][-]{subsection.24.4}{\376\377\176\306\202\202}{section.24}% 153
\BOOKMARK [2][-]{subsection.24.5}{\376\377\121\372\131\004}{section.24}% 154
\BOOKMARK [1][-]{section.25}{\376\377\230\230\166\356\124\015\171\360}{}% 155
\BOOKMARK [2][-]{subsection.25.1}{\376\377\145\366\225\364}{section.25}% 156
\BOOKMARK [2][-]{subsection.25.2}{\376\377\230\230\166\356}{section.25}% 157
\BOOKMARK [2][-]{subsection.25.3}{\376\377\173\227\154\325}{section.25}% 158
\BOOKMARK [2][-]{subsection.25.4}{\376\377\176\306\202\202}{section.25}% 159
\BOOKMARK [2][-]{subsection.25.5}{\376\377\121\372\131\004}{section.25}% 160
\BOOKMARK [1][-]{section.26}{\376\377\230\230\166\356\124\015\171\360}{}% 161
\BOOKMARK [2][-]{subsection.26.1}{\376\377\145\366\225\364}{section.26}% 162
\BOOKMARK [2][-]{subsection.26.2}{\376\377\230\230\166\356}{section.26}% 163
\BOOKMARK [2][-]{subsection.26.3}{\376\377\173\227\154\325}{section.26}% 164
\BOOKMARK [2][-]{subsection.26.4}{\376\377\176\306\202\202}{section.26}% 165
\BOOKMARK [2][-]{subsection.26.5}{\376\377\121\372\131\004}{section.26}% 166
\BOOKMARK [1][-]{section.27}{\376\377\230\230\166\356\124\015\171\360}{}% 167
\BOOKMARK [2][-]{subsection.27.1}{\376\377\145\366\225\364}{section.27}% 168
\BOOKMARK [2][-]{subsection.27.2}{\376\377\230\230\166\356}{section.27}% 169
\BOOKMARK [2][-]{subsection.27.3}{\376\377\173\227\154\325}{section.27}% 170
\BOOKMARK [2][-]{subsection.27.4}{\376\377\176\306\202\202}{section.27}% 171
\BOOKMARK [2][-]{subsection.27.5}{\376\377\121\372\131\004}{section.27}% 172
\BOOKMARK [1][-]{section.28}{\376\377\230\230\166\356\124\015\171\360}{}% 173
\BOOKMARK [2][-]{subsection.28.1}{\376\377\145\366\225\364}{section.28}% 174
\BOOKMARK [2][-]{subsection.28.2}{\376\377\230\230\166\356}{section.28}% 175
\BOOKMARK [2][-]{subsection.28.3}{\376\377\173\227\154\325}{section.28}% 176
\BOOKMARK [2][-]{subsection.28.4}{\376\377\176\306\202\202}{section.28}% 177
\BOOKMARK [2][-]{subsection.28.5}{\376\377\121\372\131\004}{section.28}% 178
\BOOKMARK [1][-]{section.29}{\376\377\230\230\166\356\124\015\171\360}{}% 179
\BOOKMARK [2][-]{subsection.29.1}{\376\377\145\366\225\364}{section.29}% 180
\BOOKMARK [2][-]{subsection.29.2}{\376\377\230\230\166\356}{section.29}% 181
\BOOKMARK [2][-]{subsection.29.3}{\376\377\173\227\154\325}{section.29}% 182
\BOOKMARK [2][-]{subsection.29.4}{\376\377\176\306\202\202}{section.29}% 183
\BOOKMARK [2][-]{subsection.29.5}{\376\377\121\372\131\004}{section.29}% 184
\BOOKMARK [1][-]{section.30}{\376\377\230\230\166\356\124\015\171\360}{}% 185
\BOOKMARK [2][-]{subsection.30.1}{\376\377\145\366\225\364}{section.30}% 186
\BOOKMARK [2][-]{subsection.30.2}{\376\377\230\230\166\356}{section.30}% 187
\BOOKMARK [2][-]{subsection.30.3}{\376\377\173\227\154\325}{section.30}% 188
\BOOKMARK [2][-]{subsection.30.4}{\376\377\176\306\202\202}{section.30}% 189
\BOOKMARK [2][-]{subsection.30.5}{\376\377\121\372\131\004}{section.30}% 190
\BOOKMARK [1][-]{section.31}{\376\377\230\230\166\356\124\015\171\360}{}% 191
\BOOKMARK [2][-]{subsection.31.1}{\376\377\145\366\225\364}{section.31}% 192
\BOOKMARK [2][-]{subsection.31.2}{\376\377\230\230\166\356}{section.31}% 193
\BOOKMARK [2][-]{subsection.31.3}{\376\377\173\227\154\325}{section.31}% 194
\BOOKMARK [2][-]{subsection.31.4}{\376\377\176\306\202\202}{section.31}% 195
\BOOKMARK [2][-]{subsection.31.5}{\376\377\121\372\131\004}{section.31}% 196
\BOOKMARK [1][-]{section.32}{\376\377\226\104\137\125}{}% 197
